18-08-22  22:58:45 - WARNING - _innit_ function is starting in file __innit__.py
18-08-22  22:58:45 - INFO - sucessfully loaded the logging config file with values:
'Logging Status': True 
'Logging Path': 'logs\18-08-2022 22-58-45.log' 
'Logging Level': 'logging.NOTSET' 
'Logging Date Format': '%d-%m-%y  %H:%M:%S' 
'Max Number of Log Files Allowed': 5

18-08-22  22:58:47 - INFO - read_runtime_config function is starting in file file_class.py
18-08-22  22:58:47 - INFO - openning config file config\config.json in file file_class.py
18-08-22  22:58:47 - INFO - Successfully read base indentation from config file
18-08-22  22:58:47 - INFO - runtime config data loaded with values:
Start Text = PG_start_time :
End Text = PG_end_time :
Recent Runtime Text = PG_runtime :
File Name Format = %d-%m-%y  %H-%M-%S
File Path = frontend/data/runtime.s
File Name = runtime.s
Max Runtime Files = 1
Make Runtime File = True
18-08-22  22:58:47 - INFO - count_log_files function is starting in file file_class.py
18-08-22  22:58:47 - INFO - count_lruntime_files function is finsihed in file file_class.py
18-08-22  22:58:47 - INFO - Number of runtime files in .\frontend/data/ is 1 before deletion
18-08-22  22:58:47 - INFO - Number of runtime files in .\frontend/data/ is 3 after deletion
18-08-22  22:58:47 - INFO - read_runtime_config function is finished in file file_class.py
18-08-22  22:58:47 - INFO - time_read_write function is starting in file z:\GitHub\Repos\Proper-Terminal-Based-Application\backend\classes\time_class.py
18-08-22  22:58:47 - INFO - start time is getting set to 1660849127.227601 in file frontend/data/runtime.s
18-08-22  22:58:47 - INFO - read_runtime_config function is starting in file file_class.py
18-08-22  22:58:47 - INFO - openning config file config\config.json in file file_class.py
18-08-22  22:58:47 - INFO - Successfully read base indentation from config file
18-08-22  22:58:47 - INFO - runtime config data loaded with values:
Start Text = PG_start_time :
End Text = PG_end_time :
Recent Runtime Text = PG_runtime :
File Name Format = %d-%m-%y  %H-%M-%S
File Path = frontend/data/runtime.s
File Name = runtime.s
Max Runtime Files = 1
Make Runtime File = True
18-08-22  22:58:47 - INFO - Number of runtime files in .\frontend/data/ is 1 before deletion
18-08-22  22:58:47 - INFO - Number of runtime files in .\frontend/data/ is 3 after deletion
18-08-22  22:58:47 - INFO - read_runtime_config function is finished in file file_class.py
18-08-22  22:58:47 - INFO - time_read_write function is starting in file z:\GitHub\Repos\Proper-Terminal-Based-Application\backend\classes\time_class.py
18-08-22  22:58:47 - INFO - end time is getting set to 1660849127.2296054 in file frontend/data/runtime.s
18-08-22  22:58:47 - INFO - read_runtime_config function is starting in file file_class.py
18-08-22  22:58:47 - INFO - openning config file config\config.json in file file_class.py
18-08-22  22:58:47 - INFO - Successfully read base indentation from config file
18-08-22  22:58:47 - INFO - runtime config data loaded with values:
Start Text = PG_start_time :
End Text = PG_end_time :
Recent Runtime Text = PG_runtime :
File Name Format = %d-%m-%y  %H-%M-%S
File Path = frontend/data/runtime.s
File Name = runtime.s
Max Runtime Files = 1
Make Runtime File = True
18-08-22  22:58:47 - INFO - Number of runtime files in .\frontend/data/ is 1 before deletion
18-08-22  22:58:47 - INFO - Number of runtime files in .\frontend/data/ is 3 after deletion
18-08-22  22:58:47 - INFO - read_runtime_config function is finished in file file_class.py
18-08-22  22:58:47 - INFO - time_read_write function is starting in file z:\GitHub\Repos\Proper-Terminal-Based-Application\backend\classes\time_class.py
18-08-22  22:58:47 - INFO - time_read_write function is starting to read from file frontend/data/runtime.s
18-08-22  22:58:47 - INFO - start time is getting set to   in file frontend/data/runtime.s
18-08-22  22:58:47 - INFO - read_runtime_config function is starting in file file_class.py
18-08-22  22:58:47 - INFO - openning config file config\config.json in file file_class.py
18-08-22  22:58:47 - INFO - Successfully read base indentation from config file
18-08-22  22:58:47 - INFO - runtime config data loaded with values:
Start Text = PG_start_time :
End Text = PG_end_time :
Recent Runtime Text = PG_runtime :
File Name Format = %d-%m-%y  %H-%M-%S
File Path = frontend/data/runtime.s
File Name = runtime.s
Max Runtime Files = 1
Make Runtime File = True
18-08-22  22:58:47 - INFO - Number of runtime files in .\frontend/data/ is 1 before deletion
18-08-22  22:58:47 - INFO - Number of runtime files in .\frontend/data/ is 3 after deletion
18-08-22  22:58:47 - INFO - read_runtime_config function is finished in file file_class.py
18-08-22  22:58:47 - INFO - time_read_write function is starting in file z:\GitHub\Repos\Proper-Terminal-Based-Application\backend\classes\time_class.py
18-08-22  22:58:47 - INFO - time_read_write function is starting to read from file frontend/data/runtime.s
18-08-22  22:58:47 - INFO - end time is getting set to   in file frontend/data/runtime.s
18-08-22  22:58:47 - INFO - read_runtime_config function is starting in file file_class.py
18-08-22  22:58:47 - INFO - openning config file config\config.json in file file_class.py
18-08-22  22:58:47 - INFO - Successfully read base indentation from config file
18-08-22  22:58:47 - INFO - runtime config data loaded with values:
Start Text = PG_start_time :
End Text = PG_end_time :
Recent Runtime Text = PG_runtime :
File Name Format = %d-%m-%y  %H-%M-%S
File Path = frontend/data/runtime.s
File Name = runtime.s
Max Runtime Files = 1
Make Runtime File = True
18-08-22  22:58:47 - INFO - Number of runtime files in .\frontend/data/ is 1 before deletion
18-08-22  22:58:47 - INFO - Number of runtime files in .\frontend/data/ is 3 after deletion
18-08-22  22:58:47 - INFO - read_runtime_config function is finished in file file_class.py
18-08-22  22:58:47 - INFO - time_read_write function is starting in file z:\GitHub\Repos\Proper-Terminal-Based-Application\backend\classes\time_class.py
18-08-22  22:58:47 - INFO - time_read_write function is starting to read from file frontend/data/runtime.s, state = 0 and position = 2
18-08-22  22:58:47 - INFO - start time is getting set to  in file frontend/data/runtime.s
18-08-22  22:58:47 - INFO - end time is getting set to  in file frontend/data/runtime.s
18-08-22  22:58:47 - ERROR - time_read_write state set is : 0, 2 function FAILED with error: could not convert string to float: ''
18-08-22  22:58:47 - INFO - read_runtime_config function is starting in file file_class.py
18-08-22  22:58:47 - INFO - openning config file config\config.json in file file_class.py
18-08-22  22:58:47 - INFO - Successfully read base indentation from config file
18-08-22  22:58:47 - INFO - runtime config data loaded with values:
Start Text = PG_start_time :
End Text = PG_end_time :
Recent Runtime Text = PG_runtime :
File Name Format = %d-%m-%y  %H-%M-%S
File Path = frontend/data/runtime.s
File Name = runtime.s
Max Runtime Files = 1
Make Runtime File = True
18-08-22  22:58:47 - INFO - Number of runtime files in .\frontend/data/ is 1 before deletion
18-08-22  22:58:47 - INFO - Number of runtime files in .\frontend/data/ is 3 after deletion
18-08-22  22:58:47 - INFO - read_runtime_config function is finished in file file_class.py
18-08-22  22:58:47 - INFO - time_read_write function is starting in file z:\GitHub\Repos\Proper-Terminal-Based-Application\backend\classes\time_class.py
18-08-22  22:58:47 - INFO - time_read_write function is starting to read from file frontend/data/runtime.s, state = 0 and position = 3
18-08-22  22:58:47 - INFO - start time is getting set to  in file frontend/data/runtime.s
18-08-22  22:58:47 - INFO - end time is getting set to 1660849127.2426019 in file frontend/data/runtime.s
18-08-22  22:58:47 - ERROR - time_read_write state set is : 0, 3 function FAILED with error: could not convert string to float: ''
18-08-22  22:58:47 - INFO - read_runtime_config function is starting in file file_class.py
18-08-22  22:58:47 - INFO - openning config file config\config.json in file file_class.py
18-08-22  22:58:47 - INFO - Successfully read base indentation from config file
18-08-22  22:58:47 - INFO - runtime config data loaded with values:
Start Text = PG_start_time :
End Text = PG_end_time :
Recent Runtime Text = PG_runtime :
File Name Format = %d-%m-%y  %H-%M-%S
File Path = frontend/data/runtime.s
File Name = runtime.s
Max Runtime Files = 1
Make Runtime File = True
18-08-22  22:58:47 - INFO - Number of runtime files in .\frontend/data/ is 1 before deletion
18-08-22  22:58:47 - INFO - Number of runtime files in .\frontend/data/ is 3 after deletion
18-08-22  22:58:47 - INFO - read_runtime_config function is finished in file file_class.py
18-08-22  22:58:47 - INFO - time_read_write function is starting in file z:\GitHub\Repos\Proper-Terminal-Based-Application\backend\classes\time_class.py
18-08-22  22:58:47 - INFO - start time is getting set to 1660849127.2445998 in file frontend/data/runtime.s
18-08-22  22:58:47 - WARNING - _innit_ function is finished in file __innit__.py
18-08-22  22:58:47 - WARNING - _main_ function is starting in file __innit__.py
18-08-22  22:58:47 - INFO - count_log_files function is starting in file file_class.py
18-08-22  22:58:47 - INFO - count_log_files function is finsihed in file file_class.py
18-08-22  22:58:47 - INFO - read_runtime_config function is starting in file file_class.py
18-08-22  22:58:47 - INFO - openning config file config\config.json in file file_class.py
18-08-22  22:58:47 - INFO - Successfully read base indentation from config file
18-08-22  22:58:47 - INFO - runtime config data loaded with values:
Start Text = PG_start_time :
End Text = PG_end_time :
Recent Runtime Text = PG_runtime :
File Name Format = %d-%m-%y  %H-%M-%S
File Path = frontend/data/runtime.s
File Name = runtime.s
Max Runtime Files = 1
Make Runtime File = True
18-08-22  22:58:47 - INFO - Number of runtime files in .\frontend/data/ is 1 before deletion
18-08-22  22:58:47 - INFO - Number of runtime files in .\frontend/data/ is 3 after deletion
18-08-22  22:58:47 - INFO - read_runtime_config function is finished in file file_class.py
18-08-22  22:58:47 - INFO - time_read_write function is starting in file z:\GitHub\Repos\Proper-Terminal-Based-Application\backend\classes\time_class.py
18-08-22  22:58:47 - INFO - end time is getting set to 1660849127.2685995 in file frontend/data/runtime.s
18-08-22  22:58:47 - INFO - read_runtime_config function is starting in file file_class.py
18-08-22  22:58:47 - INFO - openning config file config\config.json in file file_class.py
18-08-22  22:58:47 - INFO - Successfully read base indentation from config file
18-08-22  22:58:47 - INFO - runtime config data loaded with values:
Start Text = PG_start_time :
End Text = PG_end_time :
Recent Runtime Text = PG_runtime :
File Name Format = %d-%m-%y  %H-%M-%S
File Path = frontend/data/runtime.s
File Name = runtime.s
Max Runtime Files = 1
Make Runtime File = True
18-08-22  22:58:47 - INFO - Number of runtime files in .\frontend/data/ is 1 before deletion
18-08-22  22:58:47 - INFO - Number of runtime files in .\frontend/data/ is 3 after deletion
18-08-22  22:58:47 - INFO - read_runtime_config function is finished in file file_class.py
18-08-22  22:58:47 - INFO - time_read_write function is starting in file z:\GitHub\Repos\Proper-Terminal-Based-Application\backend\classes\time_class.py
18-08-22  22:58:47 - INFO - time_read_write function is starting to read from file frontend/data/runtime.s, state = 0 and position = 2
18-08-22  22:58:47 - INFO - start time is getting set to  in file frontend/data/runtime.s
18-08-22  22:58:47 - INFO - end time is getting set to  in file frontend/data/runtime.s
18-08-22  22:58:47 - ERROR - time_read_write state set is : 0, 2 function FAILED with error: could not convert string to float: ''
